<?xml version="1.0" encoding="UTF-8"?>
<robot generator="Robot 3.1.2 (Python 3.6.8 on linux)" generated="20191112 11:46:58.137" rpa="false">
<suite id="s1" name="Specs" source="/home/adelia/workspace/qaninja/ninjaplus/Python_Web/specs">
<suite id="s1-s1" name="Login" source="/home/adelia/workspace/qaninja/ninjaplus/Python_Web/specs/login.robot">
<test id="s1-s1-t1" name="Login com sucesso">
<kw name="Fazendo login com &quot;adelia@ninjaplus.com&quot; e &quot;pwd123&quot;" library="login_steps">
<kw name="Open Browser" library="SeleniumLibrary">
<doc>Opens a new browser instance to the optional ``url``.</doc>
<arguments>
<arg>http://ninjaplus-web:5000/login</arg>
<arg>chrome</arg>
</arguments>
<msg timestamp="20191112 11:46:58.274" level="INFO">Opening browser 'chrome' to base url 'http://ninjaplus-web:5000/login'.</msg>
<status status="PASS" starttime="20191112 11:46:58.273" endtime="20191112 11:47:31.605"></status>
</kw>
<kw name="Maximize Browser Window" library="SeleniumLibrary">
<doc>Maximizes current browser window.</doc>
<status status="PASS" starttime="20191112 11:47:31.607" endtime="20191112 11:47:31.724"></status>
</kw>
<kw name="Input Text" library="SeleniumLibrary">
<doc>Types the given ``text`` into the text field identified by ``locator``.</doc>
<arguments>
<arg>id:emailId</arg>
<arg>${email}</arg>
</arguments>
<msg timestamp="20191112 11:47:31.725" level="INFO">Typing text 'adelia@ninjaplus.com' into text field 'id:emailId'.</msg>
<status status="PASS" starttime="20191112 11:47:31.724" endtime="20191112 11:47:32.173"></status>
</kw>
<kw name="Input Text" library="SeleniumLibrary">
<doc>Types the given ``text`` into the text field identified by ``locator``.</doc>
<arguments>
<arg>id:passId</arg>
<arg>${pass}</arg>
</arguments>
<msg timestamp="20191112 11:47:32.176" level="INFO">Typing text 'pwd123' into text field 'id:passId'.</msg>
<status status="PASS" starttime="20191112 11:47:32.173" endtime="20191112 11:47:32.418"></status>
</kw>
<kw name="Click Button" library="SeleniumLibrary">
<doc>Clicks the button identified by ``locator``.</doc>
<arguments>
<arg>id:login</arg>
</arguments>
<msg timestamp="20191112 11:47:32.422" level="INFO">Clicking button 'id:login'.</msg>
<status status="PASS" starttime="20191112 11:47:32.420" endtime="20191112 11:47:32.634"></status>
</kw>
<kw name="Sleep" library="BuiltIn">
<doc>Pauses the test executed for the given time.</doc>
<arguments>
<arg>5</arg>
</arguments>
<msg timestamp="20191112 11:47:37.635" level="INFO">Slept 5 seconds</msg>
<status status="PASS" starttime="20191112 11:47:32.635" endtime="20191112 11:47:37.636"></status>
</kw>
<status status="PASS" starttime="20191112 11:46:58.273" endtime="20191112 11:47:37.636"></status>
</kw>
<kw name="Devo ver o meu nome &quot;Adelia&quot; na área logada" library="login_steps">
<kw name="Page Should Contain" library="SeleniumLibrary">
<doc>Verifies that current page contains ``text``.</doc>
<arguments>
<arg>${name}</arg>
</arguments>
<msg timestamp="20191112 11:47:37.751" level="INFO">Current page contains text 'Adelia'.</msg>
<status status="PASS" starttime="20191112 11:47:37.637" endtime="20191112 11:47:37.751"></status>
</kw>
<kw name="Close Browser" library="SeleniumLibrary">
<doc>Closes the current browser.</doc>
<status status="PASS" starttime="20191112 11:47:37.751" endtime="20191112 11:47:37.871"></status>
</kw>
<status status="PASS" starttime="20191112 11:47:37.636" endtime="20191112 11:47:37.872"></status>
</kw>
<status status="PASS" starttime="20191112 11:46:58.272" endtime="20191112 11:47:37.873" critical="yes"></status>
</test>
<doc>O usuário informa suas credenciais de acesso e submete o formulário de login</doc>
<status status="PASS" starttime="20191112 11:46:58.158" endtime="20191112 11:47:37.888"></status>
</suite>
<status status="PASS" starttime="20191112 11:46:58.138" endtime="20191112 11:47:37.900"></status>
</suite>
<statistics>
<total>
<stat pass="1" fail="0">Critical Tests</stat>
<stat pass="1" fail="0">All Tests</stat>
</total>
<tag>
</tag>
<suite>
<stat pass="1" fail="0" id="s1" name="Specs">Specs</stat>
<stat pass="1" fail="0" id="s1-s1" name="Login">Specs.Login</stat>
</suite>
</statistics>
<errors>
</errors>
</robot>
